<?xml version="1.0" encoding="UTF-8"?>
<!-- Generated by org.testng.reporters.JUnitXMLReporter -->
<testsuite ignored="12" hostname="Lenovo" failures="0" tests="7" name="Test" time="219.2" errors="0" timestamp="2023-09-21T13:50:41 IST">
  <testcase classname="com.tourPackage.NavigateToTourPackagePOM" name="navigateToTourPackagePOM" time="12.503"/>
  <testcase classname="com.login.VerifyAdminLoginPOM" name="verifyAdminLoginPOM" time="3.516"/>
  <testcase classname="com.tourPackage.PackageActionsPOM" name="packageActionsPOM" time="38.153"/>
  <testcase classname="com.booking.ManageBookingsPOM" name="manageBookingsPOM" time="14.884"/>
  <testcase classname="com.manageBookings.CancelPackagePOM" name="cancelPackagePOM" time="51.56"/>
  <testcase classname="com.manageBookings.VerifyManageUsersPOM" name="verifyManageUsersPOM" time="34.526"/>
  <testcase classname="com.enquiry.EnquiryToAdminPOM" name="enquiryToAdminPOM" time="16.454"/>
  <testcase classname="com.TMS.genericUtils.BaseClass" name="@AfterSuite confgAS" time="0.0">
    <ignored/>
  </testcase> <!-- @AfterSuite confgAS -->
  <testcase classname="com.TMS.genericUtils.BaseClass" name="@AfterSuite confgAS" time="0.0">
    <ignored/>
  </testcase> <!-- @AfterSuite confgAS -->
  <testcase classname="com.TMS.genericUtils.BaseClass" name="@AfterSuite confgAS" time="0.0">
    <ignored/>
  </testcase> <!-- @AfterSuite confgAS -->
  <testcase classname="com.TMS.genericUtils.BaseClass" name="@BeforeSuite confgBS" time="0.0">
    <ignored/>
  </testcase> <!-- @BeforeSuite confgBS -->
  <testcase classname="com.TMS.genericUtils.BaseClass" name="@BeforeSuite confgBS" time="0.0">
    <ignored/>
  </testcase> <!-- @BeforeSuite confgBS -->
  <testcase classname="com.TMS.genericUtils.BaseClass" name="@AfterSuite confgAS" time="0.0">
    <ignored/>
  </testcase> <!-- @AfterSuite confgAS -->
  <testcase classname="com.TMS.genericUtils.BaseClass" name="@AfterSuite confgAS" time="0.0">
    <ignored/>
  </testcase> <!-- @AfterSuite confgAS -->
  <testcase classname="com.TMS.genericUtils.BaseClass" name="@BeforeSuite confgBS" time="0.0">
    <ignored/>
  </testcase> <!-- @BeforeSuite confgBS -->
  <testcase classname="com.TMS.genericUtils.BaseClass" name="@AfterSuite confgAS" time="0.0">
    <ignored/>
  </testcase> <!-- @AfterSuite confgAS -->
  <testcase classname="com.TMS.genericUtils.BaseClass" name="@BeforeSuite confgBS" time="0.0">
    <ignored/>
  </testcase> <!-- @BeforeSuite confgBS -->
  <testcase classname="com.TMS.genericUtils.BaseClass" name="@BeforeSuite confgBS" time="0.0">
    <ignored/>
  </testcase> <!-- @BeforeSuite confgBS -->
  <testcase classname="com.TMS.genericUtils.BaseClass" name="@BeforeSuite confgBS" time="0.0">
    <ignored/>
  </testcase> <!-- @BeforeSuite confgBS -->
</testsuite> <!-- Test -->
