<?xml version="1.0" encoding="UTF-8"?>
<!-- Generated by org.testng.reporters.JUnitXMLReporter -->
<testsuite ignored="2" hostname="Lenovo" failures="0" tests="2" name="TestRunner1" time="26.971" errors="0" timestamp="2023-09-20T10:12:47 IST">
  <testcase classname="TestNG.Sample" name="sample" time="0.009"/>
  <testcase classname="TestNG.Demo" name="demo" time="0.013"/>
  <testcase classname="com.TMS.genericUtils.BaseClass" name="@AfterSuite confgAS" time="0.0">
    <ignored/>
  </testcase> <!-- @AfterSuite confgAS -->
  <testcase classname="com.TMS.genericUtils.BaseClass" name="@BeforeSuite confgBS" time="0.0">
    <ignored/>
  </testcase> <!-- @BeforeSuite confgBS -->
</testsuite> <!-- TestRunner1 -->
