<?xml version="1.0" encoding="UTF-8"?>
<!-- Generated by org.testng.reporters.JUnitXMLReporter -->
<testsuite ignored="6" hostname="Lenovo" failures="0" tests="4" name="Test2" time="179.539" errors="0" timestamp="2023-09-20T17:56:30 IST">
  <testcase classname="com.booking.ManageBookingsPOM" name="manageBookingsPOM" time="14.497"/>
  <testcase classname="com.tourPackage.PackageActionsPOM" name="packageActionsPOM" time="38.067"/>
  <testcase classname="com.manageBookings.CancelPackagePOM" name="cancelPackagePOM" time="53.61"/>
  <testcase classname="com.manageBookings.VerifyManageUsersPOM" name="verifyManageUsersPOM" time="29.313"/>
  <testcase classname="com.TMS.genericUtils.BaseClass" name="@AfterSuite confgAS" time="0.0">
    <ignored/>
  </testcase> <!-- @AfterSuite confgAS -->
  <testcase classname="com.TMS.genericUtils.BaseClass" name="@BeforeSuite confgBS" time="0.0">
    <ignored/>
  </testcase> <!-- @BeforeSuite confgBS -->
  <testcase classname="com.TMS.genericUtils.BaseClass" name="@BeforeSuite confgBS" time="0.0">
    <ignored/>
  </testcase> <!-- @BeforeSuite confgBS -->
  <testcase classname="com.TMS.genericUtils.BaseClass" name="@BeforeSuite confgBS" time="0.0">
    <ignored/>
  </testcase> <!-- @BeforeSuite confgBS -->
  <testcase classname="com.TMS.genericUtils.BaseClass" name="@AfterSuite confgAS" time="0.0">
    <ignored/>
  </testcase> <!-- @AfterSuite confgAS -->
  <testcase classname="com.TMS.genericUtils.BaseClass" name="@AfterSuite confgAS" time="0.0">
    <ignored/>
  </testcase> <!-- @AfterSuite confgAS -->
</testsuite> <!-- Test2 -->
