<?xml version="1.0" encoding="UTF-8"?>
<testng-results ignored="0" total="1" passed="1" failed="0" skipped="0">
  <reporter-output>
  </reporter-output>
  <suite started-at="2023-10-01T10:44:07 IST" name="Default suite" finished-at="2023-10-01T10:44:54 IST" duration-ms="47289">
    <groups>
      <group name="Regression">
        <method signature="ManageBookingsPOM.manageBookingsPOM()[pri:0, instance:com.booking.ManageBookingsPOM@179ece50]" name="manageBookingsPOM" class="com.booking.ManageBookingsPOM"/>
      </group> <!-- Regression -->
    </groups>
    <test started-at="2023-10-01T10:44:07 IST" name="Default test" finished-at="2023-10-01T10:44:54 IST" duration-ms="47289">
      <class name="com.booking.ManageBookingsPOM">
        <test-method is-config="true" signature="confgBS()[pri:0, instance:com.booking.ManageBookingsPOM@179ece50]" started-at="2023-10-01T10:44:06 IST" name="confgBS" finished-at="2023-10-01T10:44:07 IST" duration-ms="1468" status="PASS">
          <reporter-output>
          </reporter-output>
        </test-method> <!-- confgBS -->
        <test-method is-config="true" signature="confgBC()[pri:0, instance:com.booking.ManageBookingsPOM@179ece50]" started-at="2023-10-01T10:44:07 IST" name="confgBC" finished-at="2023-10-01T10:44:30 IST" duration-ms="22848" status="PASS">
          <reporter-output>
          </reporter-output>
        </test-method> <!-- confgBC -->
        <test-method is-config="true" signature="confgBM()[pri:0, instance:com.booking.ManageBookingsPOM@179ece50]" started-at="2023-10-01T10:44:30 IST" name="confgBM" finished-at="2023-10-01T10:44:32 IST" duration-ms="1727" status="PASS">
          <reporter-output>
          </reporter-output>
        </test-method> <!-- confgBM -->
        <test-method signature="manageBookingsPOM()[pri:0, instance:com.booking.ManageBookingsPOM@179ece50]" started-at="2023-10-01T10:44:32 IST" name="manageBookingsPOM" finished-at="2023-10-01T10:44:52 IST" duration-ms="20032" status="PASS">
          <reporter-output>
          </reporter-output>
        </test-method> <!-- manageBookingsPOM -->
        <test-method is-config="true" signature="confgAC()[pri:0, instance:com.booking.ManageBookingsPOM@179ece50]" started-at="2023-10-01T10:44:52 IST" name="confgAC" finished-at="2023-10-01T10:44:54 IST" duration-ms="2250" status="PASS">
          <reporter-output>
          </reporter-output>
        </test-method> <!-- confgAC -->
        <test-method is-config="true" signature="confgAS()[pri:0, instance:com.booking.ManageBookingsPOM@179ece50]" started-at="2023-10-01T10:44:55 IST" name="confgAS" finished-at="2023-10-01T10:44:55 IST" duration-ms="41" status="PASS">
          <reporter-output>
          </reporter-output>
        </test-method> <!-- confgAS -->
      </class> <!-- com.booking.ManageBookingsPOM -->
    </test> <!-- Default test -->
  </suite> <!-- Default suite -->
</testng-results>
